Vilhelm Bjerknes
Sonja Henie
Evert Taube
Carl Larsson
Søren Kierkegaard
Georg Brandes
Jørgen Moe & Peter Christen Asbjørnsen
Niels Henrik Abel
Aasmund Olavson Vinje
André Bjerke
Knud Rasmussen
Povel Ramel
Gidsken Jakobsen
Christian Krogh
Oda Krohg
Fredrika Bremer
Fredrika Bremer
Karin Bergöö Larsson
Gustav Vigeland
Clara Campoamor
Christopher Polhem
Amy Johnson
Dirch Passer
Anne-Cath. Vestly
Camilla Collet
Karin Boye
Richard Møller Nielsen
Freddie Mercury
Aleksis Kivi
Jan Baalsrud
Edvard Munch
Johan Falkberget
Frits Thaulow
Minna Canth
Kirsten Flagstad
Jørn Utzon
Ivo Caprino
Carl Nielsen
Georg Sverdrup
Ivar Aasen
Regine Normann
Sigrid Undset
Carl von Linné
Johan Ludvig Runeberg
Helmer Hanssen
Fredrikke Marie Qvam
Christina Nilsson
Asta Nielsen
Juan Sebastián Elcano
Christopher Columbus
Jacob Ellehammer
Astor Piazzolla
Santiago Ramón y Cajal
Benito Pérez Galdós
Roald Dahl
John Bauer
Gloria Fuertes
Nikolai Frederik Severin Grundtvig
Erik Bye
Bjørnstjerne Bjørnson
Max Manus
Ludvig Holberg
Fridtjof Nansen
Jenny Lind
Jens Moe
Karen Blixen
Otto Sverdrup
Aksel Sandemose
Helge Ingstad
Amalie Skram
Wenche Foss
Rosalía de Castro
Anders Zorn
Gustaf Dalén
Jean Sibelius
Benjamin Franklin
Sojourner Truth
Oscar Wilde
Mark Twain
UNICEF
Charles Lindbergh
Elsa Beskow
Félix Rodríguez de la Fuente
Marco Polo
Hans Borli
Theodor Kittelsen
Clara Barton
Sir Freddie Laker
Tom Crean
Jonathan Swift
María Zambrano
Tycho Brahe
Arthur Collins
Sonja Henie
Thor Heyerdahl
Grete Waitz
Roald Amundsen
Edvard Munch
H.C. Andersen
Joan Miró
Paco de Lucia
Joseph & Etienne de Montgolfier
Arthur Collins
Robert Burns
Ernest Shackleton
Jane Austen
Charles Lindbergh
Oscar Wilde
Mark Twain
Félix Rodríguez de la Fuente
Harvey Milk
Grazia Deledda
James Fitzmaurice
Greta Garbo
Ole Bull
Victor Borge
Kirsten Flagstad
Karen Blixen
Roald Dahl
Amy Johnson
Freddie Mercury
Tom Crean
UNICEF
Babe Ruth
Jonathan Swift
Carl von Linné
Rita Levi-Montalcini
Edith Piaf
Emmeline Pankhurst
Asger Jorn
Xul Solar
Freddie Laker
Victor Borge
Thorbjørn Egner
Selma Lagerlöf
Piet Hein
Ludvig Walentin Karlsen
Kirsten Flagstad
Kristian Birkeland
Henrik Wergeland
Jens Glad Balchen
Henrik Ibsen
Harry S. Pettersen
Hans Christian Ørsted
Gunnar Sønsteby
Greta Garbo
Gidsken Jakobsen
Geirr Tveitt
Fridtjof Nansen
Elsa Beskow
Edvard Grieg
Aril Edvardsen
Anton K. H. Jakobsen
Anders Celsius

